<?xml version="1.0" encoding="UTF-8"?>
<!-- Generated by org.testng.reporters.JUnitXMLReporter -->
<testsuite ignored="0" hostname="THANHHUY" failures="0" tests="5" name="Default test" time="0.22" errors="0" timestamp="06 Apr 2025 12:26:11 GMT">
  <testcase classname="com.example.demo.CalculatorTest" name="testAdd" time="0.028"/>
  <testcase classname="com.example.demo.CalculatorTest" name="testDivide" time="0.005"/>
  <testcase classname="com.example.demo.CalculatorTest" name="testDivideByZero" time="0.009"/>
  <testcase classname="com.example.demo.CalculatorTest" name="testMultiply" time="0.038"/>
  <testcase classname="com.example.demo.CalculatorTest" name="testSubtract" time="0.01"/>
</testsuite> <!-- Default test -->
